[0.011s] Invoking command in '/home/wxyewb/Public/Work/Practice/proj_x/modules/module_interface/build/module_interface': CMAKE_PREFIX_PATH=${CMAKE_PREFIX_PATH}:/opt/ros/humble /usr/bin/cmake --build /home/wxyewb/Public/Work/Practice/proj_x/modules/module_interface/build/module_interface -- -j22 -l22
[0.029s] -- Found ament_cmake: 1.3.12 (/opt/ros/humble/share/ament_cmake/cmake)
[0.112s] -- Found std_msgs: 4.9.0 (/opt/ros/humble/share/std_msgs/cmake)
[0.129s] -- Found rosidl_generator_c: 3.1.7 (/opt/ros/humble/share/rosidl_generator_c/cmake)
[0.130s] -- Found rosidl_adapter: 3.1.7 (/opt/ros/humble/share/rosidl_adapter/cmake)
[0.133s] -- Found rosidl_generator_cpp: 3.1.7 (/opt/ros/humble/share/rosidl_generator_cpp/cmake)
[0.138s] -- Using all available rosidl_typesupport_c: rosidl_typesupport_fastrtps_c;rosidl_typesupport_introspection_c
[0.145s] -- Using all available rosidl_typesupport_cpp: rosidl_typesupport_fastrtps_cpp;rosidl_typesupport_introspection_cpp
[0.158s] -- Found std_srvs: 4.9.0 (/opt/ros/humble/share/std_srvs/cmake)
[0.163s] -- Found rosidl_default_generators: 1.2.0 (/opt/ros/humble/share/rosidl_default_generators/cmake)
[0.269s] [31mCMake Error at /opt/ros/humble/share/rosidl_adapter/cmake/rosidl_adapt_interfaces.cmake:59 (message):
[0.270s]   execute_process(/usr/bin/python3 -m rosidl_adapter --package-name
[0.270s]   module_interface --arguments-file
[0.270s]   /home/wxyewb/Public/Work/Practice/proj_x/modules/module_interface/build/module_interface/rosidl_adapter__arguments__module_interface.json
[0.270s]   --output-dir
[0.270s]   /home/wxyewb/Public/Work/Practice/proj_x/modules/module_interface/build/module_interface/rosidl_adapter/module_interface
[0.270s]   --output-file
[0.270s]   /home/wxyewb/Public/Work/Practice/proj_x/modules/module_interface/build/module_interface/rosidl_adapter/module_interface.idls)
[0.270s]   returned error code 1:
[0.270s] 
[0.270s]   Error processing 'int4 goal' of 'module_interface/SimpleAction_Goal':
[0.270s]   ''int4' is an invalid message name.  It should have the pattern
[0.270s]   '^[A-Z][A-Za-z0-9]*$''
[0.270s] 
[0.270s]   Traceback (most recent call last):
[0.270s] 
[0.270s]     File "/usr/lib/python3.10/runpy.py", line 196, in _run_module_as_main
[0.270s]       return _run_code(code, main_globals, None,
[0.270s]     File "/usr/lib/python3.10/runpy.py", line 86, in _run_code
[0.270s]       exec(code, run_globals)
[0.270s]     File "/opt/ros/humble/local/lib/python3.10/dist-packages/rosidl_adapter/__main__.py", line 19, in <module>
[0.270s]       sys.exit(main())
[0.270s]     File "/opt/ros/humble/local/lib/python3.10/dist-packages/rosidl_adapter/main.py", line 53, in main
[0.270s]       abs_idl_file = convert_to_idl(
[0.270s]     File "/opt/ros/humble/local/lib/python3.10/dist-packages/rosidl_adapter/__init__.py", line 29, in convert_to_idl
[0.270s]       return convert_action_to_idl(
[0.270s]     File "/opt/ros/humble/local/lib/python3.10/dist-packages/rosidl_adapter/action/__init__.py", line 28, in convert_action_to_idl
[0.270s]       action = parse_action_string(package_name, input_file.stem, content)
[0.270s]     File "/opt/ros/humble/local/lib/python3.10/dist-packages/rosidl_adapter/parser.py", line 902, in parse_action_string
[0.270s]       goal_message = parse_message_string(
[0.270s]     File "/opt/ros/humble/local/lib/python3.10/dist-packages/rosidl_adapter/parser.py", line 520, in parse_message_string
[0.270s]       Type(type_string, context_package_name=pkg_name),
[0.270s]     File "/opt/ros/humble/local/lib/python3.10/dist-packages/rosidl_adapter/parser.py", line 277, in __init__
[0.270s]       super(Type, self).__init__(
[0.270s]     File "/opt/ros/humble/local/lib/python3.10/dist-packages/rosidl_adapter/parser.py", line 205, in __init__
[0.270s]       raise InvalidResourceName(
[0.271s] 
[0.271s]   rosidl_adapter.parser.InvalidResourceName: 'int4' is an invalid message
[0.271s]   name.  It should have the pattern '^[A-Z][A-Za-z0-9]*$'
[0.271s] 
[0.271s] Call Stack (most recent call first):
[0.271s]   /opt/ros/humble/share/rosidl_cmake/cmake/rosidl_generate_interfaces.cmake:130 (rosidl_adapt_interfaces)
[0.271s]   CMakeLists.txt:28 (rosidl_generate_interfaces)
[0.271s] 
[0.271s] [0m
[0.271s] -- Configuring incomplete, errors occurred!
[0.271s] See also "/home/wxyewb/Public/Work/Practice/proj_x/modules/module_interface/build/module_interface/CMakeFiles/CMakeOutput.log".
[0.275s] gmake: *** [Makefile:747: cmake_check_build_system] Error 1
[0.278s] Invoked command in '/home/wxyewb/Public/Work/Practice/proj_x/modules/module_interface/build/module_interface' returned '2': CMAKE_PREFIX_PATH=${CMAKE_PREFIX_PATH}:/opt/ros/humble /usr/bin/cmake --build /home/wxyewb/Public/Work/Practice/proj_x/modules/module_interface/build/module_interface -- -j22 -l22
